<?xml version="1.0" encoding="UTF-8"?>
<!-- Generated by org.testng.reporters.JUnitXMLReporter -->
<testsuite hostname="DESKTOP-J9ARUUF" ignored="0" name="Default test" tests="3" failures="0" timestamp="2021-08-12T15:08:18 IST" time="4.358" errors="0">
  <testcase name="getDelete" time="3.429" classname="tests.PutAndPatchAndDelete"/>
  <testcase name="getPatch" time="0.461" classname="tests.PutAndPatchAndDelete"/>
  <testcase name="getPut" time="0.409" classname="tests.PutAndPatchAndDelete"/>
</testsuite> <!-- Default test -->
